2021-03-28T04:25:15.499Z [INFO]: Git SSH Key acquired
2021-03-28T04:25:15.585Z [INFO]: # Cloning repository: git@github.com:IrennaLumbuun/irenna-lumbuun-frontend.git
2021-03-28T04:25:15.594Z [INFO]: Agent pid 129
2021-03-28T04:25:15.620Z [INFO]: Identity added: /root/.ssh/git_rsa (/root/.ssh/git_rsa)
2021-03-28T04:25:15.862Z [INFO]: Cloning into 'irenna-lumbuun-frontend'...
2021-03-28T04:25:16.153Z [INFO]: Warning: Permanently added the RSA host key for IP address '140.82.113.3' to the list of known hosts.
2021-03-28T04:25:16.521Z [INFO]: # Checking for Git submodules at: /codebuild/output/src271421709/src/irenna-lumbuun-frontend/.gitmodules
2021-03-28T04:25:16.544Z [INFO]: # Retrieving cache...
2021-03-28T04:25:16.583Z [INFO]: # Extracting cache...
2021-03-28T04:25:16.590Z [INFO]: # Extraction completed
2021-03-28T04:25:16.591Z [INFO]: # Retrieving environment cache...
2021-03-28T04:25:16.628Z [INFO]: # Retrieved environment cache
2021-03-28T04:25:27.999Z [INFO]: ## Starting Frontend Build
                                 # Starting phase: preBuild
                                 # Executing command: npm ci
2021-03-28T04:25:38.948Z [INFO]: > fsevents@1.2.13 install /codebuild/output/src271421709/src/irenna-lumbuun-frontend/node_modules/webpack-dev-server/node_modules/fsevents
                                 > node install.js
2021-03-28T04:25:38.986Z [INFO]: 
2021-03-28T04:25:38.987Z [INFO]: Skipping 'fsevents' build as platform linux is not supported
2021-03-28T04:25:39.028Z [INFO]: > fsevents@1.2.13 install /codebuild/output/src271421709/src/irenna-lumbuun-frontend/node_modules/watchpack-chokidar2/node_modules/fsevents
                                 > node install.js
2021-03-28T04:25:39.063Z [INFO]: 
2021-03-28T04:25:39.064Z [INFO]: Skipping 'fsevents' build as platform linux is not supported
2021-03-28T04:25:39.365Z [INFO]: > core-js@3.6.5 postinstall /codebuild/output/src271421709/src/irenna-lumbuun-frontend/node_modules/core-js
                                 > node -e "try{require('./postinstall')}catch(e){}"
2021-03-28T04:25:39.406Z [INFO]: [96mThank you for using core-js ([94m https://github.com/zloirock/core-js [96m) for polyfilling JavaScript standard library![0m
                                 [96mThe project needs your help! Please consider supporting of core-js on Open Collective or Patreon: [0m
                                 [96m>[94m https://opencollective.com/core-js [0m
                                 [96m>[94m https://www.patreon.com/zloirock [0m
                                 [96mAlso, the author of core-js ([94m https://github.com/zloirock [96m) is looking for a good job -)[0m
2021-03-28T04:25:39.492Z [INFO]: > @fortawesome/fontawesome-free@5.15.1 postinstall /codebuild/output/src271421709/src/irenna-lumbuun-frontend/node_modules/@fortawesome/fontawesome-free
                                 > node attribution.js
2021-03-28T04:25:39.527Z [INFO]: Font Awesome Free 5.15.1 by @fontawesome - https://fontawesome.com
                                 License - https://fontawesome.com/license/free (Icons: CC BY 4.0, Fonts: SIL OFL 1.1, Code: MIT License)
2021-03-28T04:25:39.695Z [INFO]: > @angular/cli@11.0.4 postinstall /codebuild/output/src271421709/src/irenna-lumbuun-frontend/node_modules/@angular/cli
                                 > node ./bin/postinstall/script.js
2021-03-28T04:25:39.996Z [INFO]: added 1483 packages in 11.308s
2021-03-28T04:25:40.009Z [INFO]: # Completed phase: preBuild
                                 # Starting phase: build
2021-03-28T04:25:40.009Z [INFO]: # Executing command: npm run build
2021-03-28T04:25:40.166Z [INFO]: > irennalumbuun@0.0.0 build /codebuild/output/src271421709/src/irenna-lumbuun-frontend
                                 > ng build
2021-03-28T04:25:44.165Z [WARNING]: Compiling @angular/animations : es2015 as esm2015
2021-03-28T04:25:44.210Z [WARNING]: Compiling @angular/core : es2015 as esm2015
2021-03-28T04:25:44.401Z [WARNING]: Compiling @angular/cdk/keycodes : es2015 as esm2015
2021-03-28T04:25:48.090Z [WARNING]: Compiling @angular/common : es2015 as esm2015
2021-03-28T04:25:48.097Z [WARNING]: Compiling @angular/cdk/observers : es2015 as esm2015
                                    Compiling @angular/animations/browser : es2015 as esm2015
2021-03-28T04:25:49.147Z [WARNING]: Compiling @angular/platform-browser : es2015 as esm2015
2021-03-28T04:25:49.398Z [WARNING]: Compiling @angular/cdk/platform : es2015 as esm2015
2021-03-28T04:25:49.667Z [WARNING]: Compiling @angular/forms : es2015 as esm2015
2021-03-28T04:25:49.747Z [WARNING]: Compiling @angular/cdk/a11y : es2015 as esm2015
2021-03-28T04:25:49.845Z [WARNING]: Compiling @angular/cdk/bidi : es2015 as esm2015
2021-03-28T04:25:50.268Z [WARNING]: Compiling @angular/platform-browser/animations : es2015 as esm2015
2021-03-28T04:25:50.541Z [WARNING]: Compiling @angular/router : es2015 as esm2015
2021-03-28T04:25:50.574Z [WARNING]: Compiling @angular/cdk/collections : es2015 as esm2015
2021-03-28T04:25:50.629Z [WARNING]: Compiling @angular/material/core : es2015 as esm2015
2021-03-28T04:25:50.864Z [WARNING]: Compiling @angular/platform-browser-dynamic : es2015 as esm2015
2021-03-28T04:25:51.373Z [WARNING]: Compiling angular-bootstrap-md : es2015 as esm2015
2021-03-28T04:25:51.513Z [WARNING]: Compiling @angular/common/http : es2015 as esm2015
2021-03-28T04:25:51.669Z [WARNING]: Compiling ngx-masonry : es2015 as esm2015
2021-03-28T04:25:51.917Z [WARNING]: Compiling @angular/material/button-toggle : es2015 as esm2015
2021-03-28T04:25:52.690Z [WARNING]: - Generating browser application bundles...
2021-03-28T04:26:06.162Z [WARNING]: âœ” Browser application bundle generation complete.
2021-03-28T04:26:06.279Z [WARNING]: Warning: /codebuild/output/src271421709/src/irenna-lumbuun-frontend/src/app/app.module.ts depends on 'ngx-masonry'. CommonJS or AMD dependencies can cause optimization bailouts.
                                    For more info see: https://angular.io/guide/build#configuring-commonjs-dependencies
2021-03-28T04:26:06.280Z [WARNING]: Error: ./node_modules/ngx-masonry/__ivy_ngcc__/fesm2015/ngx-masonry.js
                                    Module not found: Error: Can't resolve 'masonry-layout' in '/codebuild/output/src271421709/src/irenna-lumbuun-frontend/node_modules/ngx-masonry/__ivy_ngcc__/fesm2015'
                                    resolve 'masonry-layout' in '/codebuild/output/src271421709/src/irenna-lumbuun-frontend/node_modules/ngx-masonry/__ivy_ngcc__/fesm2015'
                                    Parsed request is a module
                                    using description file: /codebuild/output/src271421709/src/irenna-lumbuun-frontend/node_modules/ngx-masonry/package.json (relative path: ./__ivy_ngcc__/fesm2015)
                                    Field 'browser' doesn't contain a valid alias configuration
                                    resolve as module
                                    looking for modules in /codebuild/output/src271421709/src/irenna-lumbuun-frontend
                                    using description file: /codebuild/output/src271421709/src/irenna-lumbuun-frontend/package.json (relative path: .)
                                    Field 'browser' doesn't contain a valid alias configuration
                                    using description file: /codebuild/output/src271421709/src/irenna-lumbuun-frontend/package.json (relative path: ./masonry-layout)
                                    no extension
                                    Field 'browser' doesn't contain a valid alias configuration
                                    /codebuild/output/src271421709/src/irenna-lumbuun-frontend/masonry-layout doesn't exist
                                    .ts
                                    Field 'browser' doesn't contain a valid alias configuration
                                    /codebuild/output/src271421709/src/irenna-lumbuun-frontend/masonry-layout.ts doesn't exist
                                    .tsx
                                    Field 'browser' doesn't contain a valid alias configuration
                                    /codebuild/output/src271421709/src/irenna-lumbuun-frontend/masonry-layout.tsx doesn't exist
                                    .mjs
                                    Field 'browser' doesn't contain a valid alias configuration
                                    /codebuild/output/src271421709/src/irenna-lumbuun-frontend/masonry-layout.mjs doesn't exist
                                    .js
                                    Field 'browser' doesn't contain a valid alias configuration
                                    /codebuild/output/src271421709/
2021-03-28T04:26:06.280Z [WARNING]: src/irenna-lumbuun-frontend/masonry-layout.js doesn't exist
                                    as directory
                                    /codebuild/output/src271421709/src/irenna-lumbuun-frontend/masonry-layout doesn't exist
                                    /codebuild/output/src271421709/src/irenna-lumbuun-frontend/node_modules/ngx-masonry/__ivy_ngcc__/fesm2015/node_modules doesn't exist or is not a directory
                                    /codebuild/output/src271421709/src/irenna-lumbuun-frontend/node_modules/ngx-masonry/__ivy_ngcc__/node_modules doesn't exist or is not a directory
                                    /codebuild/output/src271421709/src/irenna-lumbuun-frontend/node_modules/ngx-masonry/node_modules doesn't exist or is not a directory
                                    /codebuild/output/src271421709/src/irenna-lumbuun-frontend/node_modules/node_modules doesn't exist or is not a directory
                                    /codebuild/output/src271421709/src/node_modules doesn't exist or is not a directory
                                    /codebuild/output/src271421709/node_modules doesn't exist or is not a directory
                                    /codebuild/output/node_modules doesn't exist or is not a directory
                                    /codebuild/node_modules doesn't exist or is not a directory
                                    /node_modules doesn't exist or is not a directory
                                    looking for modules in /codebuild/output/src271421709/src/irenna-lumbuun-frontend/node_modules
                                    using description file: /codebuild/output/src271421709/src/irenna-lumbuun-frontend/package.json (relative path: ./node_modules)
                                    Field 'browser' doesn't contain a valid alias configuration
                                    using description file: /codebuild/output/src271421709/src/irenna-lumbuun-frontend/package.json (relative path: ./node_modules/masonry-layout)
                                    no extension
                                    Field 'browser' doesn't contain a valid alias configuration
                                    /codebuild/output/src271421709/src/irenna-lumbuun-frontend/node_modules/masonry-layout doesn't exist
                                    .ts
                                    Field 'browser' doesn't contain a valid alias configuration
                                    /codebuild/output/src271421709/src/irenna-lumbuun-frontend/node_modules/masonry-layout.ts doesn't exist
                                    .tsx
                                    Field 'browser' doesn't contain a valid alias configuration
                                    /codebuild/output/src271421709/src/irenna-lumbuun-frontend/node_modules/masonry-layout.tsx doesn't exist
                                    .mjs
                                    Field 'browser' doesn't contain a valid alias configuration
                                    /codebuild/output/src271421709/src/irenna-lumbuun-frontend/node_modules/masonry-layout.mjs doesn't exist
                                    .js
                                    Field 'browser' doesn't contain a valid alias configuration
                                    /codebuild/output/src271421709/src/irenna-lumbuun-frontend/node_modules/masonry-layout.js doesn't exist
                                    as directory
                                    /codebuild/output/src271421709/src/irenna-lumbuun-frontend/node_modules/masonry-layout doesn't exist
                                    [/codebuild/output/src271421709/src/irenna-lumbuun-frontend/masonry-layout]
                                    [/codebuild/output/src271421709/src/irenna-lumbuun-frontend/masonry-layout.ts]
                                    [/codebuild/output/src271421709/src/irenna-lumbuun-frontend/masonry-layout.tsx]
                                    [/codebuild/output/src271421709/src/irenna-lumbuun-frontend/masonry-layout.mjs]
                                    [/codebuild/output/src271421709/src/irenna-lumbuun-frontend/masonry-layout.js]
                                    [/codebuild/output/src271421709/src/irenna-lumbuun-frontend/node_modules/ngx-masonry/__ivy_ngcc__/fesm2015/node_modules]
                                    [/codebuild/output/src271421709/src/irenna-lumbuun-frontend/node_modules/ngx-masonry/__ivy_ngcc__/node_modules]
                                    [/codebuild/output/src271421709/src/irenna-lumbuun-frontend/node_modules/ngx-masonry/node_modules]
                                    [/codebuild/output/src271421709/src/irenna-lumbuun-frontend/node_modules/node_modules]
                                    [/codebuild/output/src271421709/src/node_modules]
                                    [/codebuild/output/src271421709/node_modules]
                                    [/codebuild/output/node_modules]
                                    [/codebuild/node_modules]
                                    [/node_modules]
                                    [/codebuild/output/src271421709/src/irenna-lumbuun-frontend/node_modules/masonry-layout]
                                    [/codebuild/output/src271421709/src/irenna-lumbuun-frontend/node_modules/masonry-layout.ts]
                                    [/codebuild/output/src271421709/src/irenna-lumbuun-frontend/node_modules/masonry-layout.tsx]
                                    [/codebuild/output/src271421709/src/irenna-lumbuun-frontend/node_modules/masonry-layout.mjs]
                                    [/codebuild/output/src271421709/src/irenna-lumbuun-frontend/node_modules/masonry-layout.js]
                                    @ ./node_modules/ngx-masonry/__ivy_ngcc__/fesm2015/ngx-masonry.js 25:33-58
                                    @ ./src/app/app.module.ts
                                    @ ./src/main.ts
                                    @ multi ./src/main.ts
2021-03-28T04:26:06.318Z [WARNING]: npm
2021-03-28T04:26:06.319Z [WARNING]: ERR! code ELIFECYCLE
                                    npm ERR! errno 1
2021-03-28T04:26:06.321Z [WARNING]: npm
2021-03-28T04:26:06.321Z [WARNING]: ERR! irennalumbuun@0.0.0 build: `ng build`
                                    npm ERR! Exit status 1
                                    npm ERR!
                                    npm ERR! Failed at the irennalumbuun@0.0.0 build script.
                                    npm ERR! This is probably not a problem with npm. There is likely additional logging output above.
2021-03-28T04:26:06.326Z [WARNING]: 
2021-03-28T04:26:06.326Z [WARNING]: npm ERR! A complete log of this run can be found in:
                                    npm ERR!     /root/.npm/_logs/2021-03-28T04_26_06_321Z-debug.log
2021-03-28T04:26:06.326Z [HELP]: Outputting the npm debug log
                                 0 info it worked if it ends with ok
                                 1 verbose cli [
                                 1 verbose cli   '/root/.nvm/versions/node/v12.21.0/bin/node',
                                 1 verbose cli   '/root/.nvm/versions/node/v12.21.0/bin/npm',
                                 1 verbose cli   'run',
                                 1 verbose cli   'build'
                                 1 verbose cli ]
                                 2 info using npm@6.14.11
                                 3 info using node@v12.21.0
                                 4 verbose run-script [ 'prebuild', 'build', 'postbuild' ]
                                 5 info lifecycle irennalumbuun@0.0.0~prebuild: irennalumbuun@0.0.0
                                 6 info lifecycle irennalumbuun@0.0.0~build: irennalumbuun@0.0.0
                                 7 verbose lifecycle irennalumbuun@0.0.0~build: unsafe-perm in lifecycle true
                                 8 verbose lifecycle irennalumbuun@0.0.0~build: PATH: /root/.nvm/versions/node/v12.21.0/lib/node_modules/npm/node_modules/npm-lifecycle/node-gyp-bin:/codebuild/output/src271421709/src/irenna-lumbuun-frontend/node_modules/.bin:/usr/local/rvm/gems/ruby-2.4.6/bin:/usr/local/rvm/gems/ruby-2.4.6@global/bin:/usr/local/rvm/rubies/ruby-2.4.6/bin:/usr/local/rvm/bin:/root/.yarn/bin:/root/.config/yarn/global/node_modules/.bin:/root/.nvm/versions/node/v12.21.0/bin:/root/.local/bin:/root/.local/bin:/usr/local/rvm/bin:/usr/local/sbin:/usr/local/bin:/usr/sbin:/usr/bin:/sbin:/bin:/root/.dotnet/tools
                                 9 verbose lifecycle irennalumbuun@0.0.0~build: CWD: /codebuild/output/src271421709/src/irenna-lumbuun-frontend
                                 10 silly lifecycle irennalumbuun@0.0.0~build: Args: [ '-c', 'ng build' ]
                                 11 silly lifecycle irennalumbuun@0.0.0~build: Returned: code: 1  signal: null
                                 12 info lifecycle irennalumbuun@0.0.0~build: Failed to exec build script
                                 13 verbose stack Error: irennalumbuun@0.0.0 build: `ng build`
                                 13 verbose stack Exit status 1
                                 13 verbose stack     at EventEmitter.<anonymous> (/root/.nvm/versions/node/v12.21.0/lib/node_modules/npm/node_modules/npm-lifecycle/index.js:332:16)
                                 13 verbose stack     at EventEmitter.emit (events.js:314:20)
                                 13 verbose stack     at ChildProcess.<anonymous> (/root/.nvm/versions/node/v12.21.0/lib/node_modules/npm/node_modules/npm-lifecycle/lib/spawn.js:55:14)
                                 13 verbose stack     at ChildProcess.emit (events.js:314:20)
                                 13 verbose stack     at maybeClose (internal/child_process.js:1022:16)
                                 13 verbose stack     at Process.ChildProcess._handle.onexit (internal/child_process.js:287:5)
                                 14 verbose pkgid irennalumbuun@0.0.0
                                 15 verbose cwd /codebuild/output/src271421709/src/irenna-lumbuun-frontend
                                 16 verbose Linux 4.14.219-119.340.amzn1.x86_64
                                 17 verbose argv "/root/.nvm/versions/node/v12.21.0/bin/node" "/root/.nvm/versions/node/v12.21.0/bin/npm" "run" "build"
                                 18 verbose node v12.21.0
                                 19 verbose npm  v6.14.11
                                 20 error code ELIFECYCLE
                                 21 error errno 1
                                 22 error irennalumbuun@0.0.0 build: `ng build`
                                 22 error Exit status 1
                                 23 error Failed at the irennalumbuun@0.0.0 build script.
                                 23 error This is probably not a problem with npm. There is likely additional logging output above.
                                 24 verbose exit [ 1, true ]
2021-03-28T04:26:06.332Z [ERROR]: !!! Build failed
2021-03-28T04:26:06.332Z [ERROR]: !!! Non-Zero Exit Code detected
2021-03-28T04:26:06.332Z [INFO]: # Starting environment caching...
2021-03-28T04:26:06.333Z [INFO]: # Environment caching completed
Terminating logging...
